0 286 0.123962 -0.442445 0.784811
1 468 0.357004 -0.449797 0.626758
2 989 0.007699 -0.200573 0.871727
3 280 6.149237 0.222978 0.880704
4 246 2.925298 -0.910804 0.784922
5 582 3.698983 0.280853 0.422679
6 691 6.155322 0.293251 0.711701
7 600 3.811054 -0.065916 0.192985
8 875 2.356748 0.650414 0.754961
9 141 0.388601 0.571648 0.933126
10 845 1.974242 0.850409 0.774380
11 980 3.798128 0.399353 0.025660
12 629 1.488810 0.106427 0.179793
13 903 1.279799 0.546680 0.645468
14 426 5.782137 0.411381 0.860465
15 290 4.008566 0.233395 0.526903
16 748 4.742271 0.252126 0.633833
17 538 2.064267 -0.107652 0.809585
18 635 0.090081 0.890756 0.944694
19 455 6.236579 0.158374 0.886713
20 571 6.076257 -0.901775 0.995674
21 355 4.710650 0.402733 0.997557
22 680 4.379988 -0.112621 0.593243
23 977 0.319123 -0.785713 0.977214
24 957 6.111479 0.829661 0.457502
25 506 3.001639 0.238042 0.908544
26 128 4.104172 0.601496 0.516650
27 877 1.635981 0.110509 0.377608
28 687 0.584614 -0.783185 0.922918
29 127 4.005867 -1.111940 0.500815
30 725 0.080819 0.036286 0.720432
31 277 0.859907 1.027898 0.836937
32 995 3.992265 0.725008 0.878249
33 826 3.684411 -0.103535 0.079287
34 963 3.105890 0.453502 0.587763
35 202 0.106429 0.225217 0.360989
36 261 0.423942 0.293218 0.895515
37 145 5.242821 0.260635 0.896777
38 690 5.037941 -0.387526 0.511606
39 253 2.746564 0.054278 0.973870
40 358 4.952658 -0.903183 0.551020
41 562 5.263659 -0.207840 0.293971
42 573 2.986796 0.046748 0.648176
43 598 4.815526 0.526696 0.882448
44 636 3.952563 -0.185398 0.649963
45 174 5.918792 -0.923866 0.536112
46 976 5.183929 -0.036965 0.452358
47 588 4.110944 0.139379 0.197270
48 101 2.631299 -0.614548 0.909276
49 507 0.347112 0.209393 0.460217
50 897 3.219734 0.569702 0.514443
51 943 0.079392 0.138048 0.508345
52 910 4.311375 0.316342 0.549737
53 350 0.342322 1.173750 0.959911
54 719 3.481498 0.660998 0.995218
55 839 2.588654 -0.196117 0.903631
56 851 1.173273 0.992025 0.926003
57 346 5.297810 -1.178260 0.912947
58 633 4.365413 -0.149385 0.966856
59 226 4.751219 -1.012688 0.604091
60 477 5.679578 0.025186 0.909148
61 966 4.701413 0.703724 0.885969
62 275 5.770917 -0.751493 0.842114
63 705 5.361450 -0.454042 0.966642
64 171 0.210055 0.558560 0.986489
65 670 5.516496 -0.392859 0.905794
66 726 3.511470 0.528905 0.966532
67 621 5.933825 0.432281 0.536159
68 656 3.016783 0.215802 0.785693
69 507 5.644031 -0.247371 0.882837
70 745 2.996512 -0.355653 0.811455
71 654 4.930862 0.655393 0.678895
72 927 4.106556 0.372005 0.672178
73 793 6.149447 0.496429 0.761030
74 422 5.338574 0.572563 0.968179
75 912 1.120843 0.843380 0.843488
76 655 1.325132 -0.022987 0.782063
77 707 0.920510 -0.731151 0.886921
78 173 5.483610 0.098501 0.683275
79 349 2.712742 -0.731525 0.950727
80 570 5.781149 -0.640190 0.510578
81 149 0.702410 0.115231 0.843079
82 972 2.967367 0.522806 0.719690
83 565 0.447089 0.084430 0.337900
84 910 0.038078 0.195673 0.026222
85 444 2.507046 -0.425667 0.662137
86 535 4.554875 0.445948 0.818399
87 452 5.535334 -0.653082 0.964121
88 361 0.784962 0.087421 0.727437
89 486 2.060056 1.005190 0.950869
90 616 0.820153 -0.362587 0.638423
91 555 4.866500 0.149683 0.914869
92 504 0.492975 -0.090463 0.945967
93 710 4.895505 -0.637414 0.608780
94 508 0.950464 -0.178751 0.977609
95 976 1.677662 1.017206 0.840818
96 283 4.683970 0.265718 0.905033
97 302 0.040101 0.389735 0.865096
98 913 4.899138 -1.151618 0.128591
99 896 4.782144 0.343255 0.607936
100 644 2.800823 0.624080 0.623466
101 183 2.551681 -0.785145 0.540216
102 886 4.009219 0.796566 0.818433
103 306 2.229453 0.577179 0.895377
104 571 5.091666 0.994884 0.197942
105 549 5.022386 0.654022 0.650218
106 851 3.118910 -1.065476 0.989204
107 220 4.949679 -0.542791 0.068294
108 799 6.176937 0.196790 0.651135
109 352 2.227172 -0.481731 0.690110
110 467 2.631362 0.284233 0.894456
111 861 4.924965 -0.173416 0.882545
112 232 2.228339 0.216305 0.531819
113 501 5.544677 -0.531572 0.535779
114 711 0.034416 -1.338789 0.859527
115 131 4.330282 0.584439 0.488471
116 198 3.578004 -0.033046 0.766312
117 970 0.460919 0.093593 0.989317
118 444 6.116686 -0.094076 0.882022
119 544 2.382059 -0.595200 0.995538
120 405 1.273736 1.088790 0.970586
121 884 0.610818 -1.060183 0.704277
122 666 5.482638 0.471293 0.933328
123 211 3.047731 -0.068059 0.907996
124 396 4.718175 1.052106 0.778336
125 158 5.859120 0.560911 0.979925
126 569 1.943363 0.456747 0.353021
127 694 0.556673 0.945403 0.824927
128 109 3.982626 0.150273 0.322114
129 544 6.219548 -0.297935 0.918644
130 476 5.562893 0.091228 0.701618
131 173 1.465782 -0.089496 0.835340
132 714 0.097427 -0.192800 0.642289
133 682 4.120862 0.642051 0.928518
134 743 2.777721 0.030671 0.928251
135 945 2.708445 0.217140 0.699437
136 923 5.058497 0.266890 0.854949
137 445 0.112278 -0.164369 0.752489
138 947 0.210573 -0.445962 0.959764
139 101 0.302415 -1.150865 0.447289
140 798 4.793770 0.432758 0.292963
141 675 0.842907 -0.425594 0.824421
142 246 5.888142 -0.013327 0.855760
143 673 1.779548 -0.889287 0.725313
144 371 1.030920 -0.269072 0.793608
145 210 2.620681 -0.150095 0.981870
146 587 5.322356 0.565177 0.287671
147 982 3.069598 -0.267889 0.719480
148 149 5.665483 0.134606 0.910417
149 892 2.806398 0.314365 0.754674
150 116 0.795924 -0.136547 0.972605
151 935 2.767447 0.619286 0.960698
152 201 4.029887 0.200366 0.788929
153 169 4.671989 -0.726208 0.912497
154 373 4.818967 1.147708 0.874219
155 396 1.541482 0.380989 0.934581
156 412 2.995173 0.735327 0.621186
157 529 5.524436 -0.722174 0.940881
158 915 2.612923 -0.761859 0.825408
159 424 0.645094 0.309922 0.845479
160 269 2.640032 0.270388 0.596298
161 350 3.456796 1.377351 0.794760
162 634 5.525940 -0.478134 0.976072
163 140 2.790417 -0.140430 0.216412
164 730 0.156642 0.156930 0.550512
165 784 1.729975 -0.822627 0.920306
166 323 2.121717 0.332083 0.908112
167 919 1.431164 -0.219754 0.930043
168 812 1.535517 -0.144909 0.968127
169 152 0.152749 0.059660 0.730594
170 521 2.646811 0.861371 0.600804
171 486 3.480394 0.461040 0.878207
172 761 5.691413 -0.205127 0.677243
173 373 2.145678 0.728453 0.859631
174 436 1.906723 -0.648090 0.861154
175 325 1.904987 0.283681 0.932245
176 829 0.188989 -0.666445 0.911117
177 728 5.225331 -0.475574 0.614267
178 661 5.681390 0.379929 0.220687
179 179 1.912967 0.333065 0.953069
180 540 5.219437 -0.005315 0.965561
181 167 0.573066 -0.002018 0.980296
182 673 1.246560 0.468632 0.824445
183 120 0.220289 -0.998829 0.940280
184 250 1.304448 0.770409 0.863295
185 326 3.594157 0.412008 0.133768
186 452 5.037872 -0.188186 0.876680
187 120 2.010772 -0.904636 0.876786
188 754 1.377804 -0.757712 0.643605
189 513 1.415670 0.528578 0.611576
190 701 2.221887 -0.780227 0.912005
191 869 3.949335 0.111116 0.931726
192 550 1.595872 0.130073 0.700226
193 649 5.138512 0.440441 0.767082
194 294 6.194773 -0.157734 0.730765
195 699 0.336075 0.112532 0.512814
196 184 5.062206 0.899804 0.908237
197 419 1.950353 0.961771 0.945150
198 555 2.608360 0.888483 0.033627
199 916 0.577973 -0.903610 0.807215
200 471 0.798840 0.227429 0.937636
201 943 1.322723 -0.115509 0.993687
202 823 0.823751 0.285989 0.757245
203 195 0.158219 -1.091949 0.664755
204 180 3.678958 0.213217 0.779925
205 775 4.876404 -0.530439 0.523749
206 956 5.762116 0.783504 0.917176
207 378 3.541798 0.817757 0.920487
208 699 2.900438 0.515431 0.717595
209 537 1.568659 1.087058 0.714808
210 990 2.132838 -0.264111 0.773358
211 557 5.032708 0.334023 0.895040
212 362 2.265599 -0.641854 0.927055
213 982 6.076312 -0.329982 0.886621
214 796 1.379968 0.233389 0.910710
215 651 5.435192 0.660499 0.912671
216 519 3.500340 0.327192 0.631304
217 317 0.317307 -0.730890 0.423509
218 623 0.120525 -0.140848 0.951050
219 460 1.470780 -0.357145 0.843516
220 229 2.165654 0.207219 0.572042
221 587 0.666001 -0.148597 0.606646
222 839 2.317282 -0.666585 0.890172
223 426 0.093660 0.368882 0.813718
224 416 4.002555 0.989221 0.915939
225 797 2.452054 -0.421650 0.139929
226 446 2.575952 -0.350063 0.940851
227 757 0.818732 -1.189110 0.057374
228 618 2.103330 -0.713116 0.298755
229 316 6.265638 0.434629 0.905354
230 153 6.267494 0.162487 0.877060
231 226 5.349872 -0.062959 0.031457
232 259 0.762871 0.023046 0.032566
233 933 2.230064 0.346150 0.529267
234 472 1.842209 -0.216910 0.517467
235 923 1.279784 -0.535779 0.994117
236 909 4.024889 0.432288 0.637521
237 980 3.501808 -0.402716 0.937501
238 753 3.758872 0.599355 0.811106
239 271 1.569682 -0.142728 0.665639
240 969 2.882681 0.314746 0.333258
241 115 0.713211 0.160594 0.990964
242 154 2.269118 -0.132486 0.502758
243 366 5.406531 0.652811 0.460181
244 455 1.305997 0.180013 0.739570
245 238 1.618902 0.059227 0.640485
246 145 0.909843 0.576408 0.604846
247 866 5.190683 0.135720 0.567782
248 306 2.865155 -0.447695 0.964357
249 604 0.720767 -0.849383 0.885884
250 975 3.641012 0.304934 0.993876
251 386 1.126578 0.630398 0.665398
252 928 6.012750 -0.590345 0.819393
253 412 1.000112 0.949913 0.708224
254 106 1.615860 -0.121622 0.964116
255 130 1.791962 1.200669 0.749600
256 745 5.237371 0.763599 0.996525
257 747 4.909064 -0.525338 0.831787
258 765 3.110761 0.190496 0.655152
259 542 1.980058 -1.017672 0.897967
260 283 2.466023 0.906404 0.472976
261 179 2.985021 -0.825976 0.569045
262 503 2.826441 -0.243547 0.855426
263 130 5.099969 -0.912797 0.955343
264 318 1.974699 0.014194 0.774907
265 138 6.270034 -0.953720 0.987817
266 120 4.594481 0.638019 0.892195
267 386 5.990101 -0.504607 0.659932
268 204 4.936895 0.547271 0.944846
269 174 3.239190 0.853332 0.910928
270 299 4.218300 0.076046 0.594118
271 741 0.697377 0.577365 0.743937
272 114 5.048748 0.643167 0.957377
273 386 5.721854 0.146815 0.785577
274 635 5.238101 -0.035852 0.832390
275 234 0.319319 -0.183501 0.849254
276 165 3.923417 -0.231785 0.992853
277 294 6.119273 -0.072724 0.481413
278 705 1.647937 0.593317 0.759467
279 600 3.396918 -0.167487 0.486061
280 331 5.097799 0.544685 0.705575
281 205 0.419493 0.309405 0.115384
282 795 0.822366 0.987622 0.507621
283 484 1.817082 0.234512 0.096856
284 980 0.133228 0.857919 0.506758
285 383 5.895668 -0.109266 0.770218
286 954 3.127607 -0.269661 0.378932
287 875 4.905590 -0.559945 0.454392
288 257 1.042410 1.146112 0.866436
289 800 6.166218 0.436612 0.247173
290 163 4.931402 -0.648651 0.874381
291 266 4.134081 0.061395 0.939199
292 487 3.549838 0.428766 0.349613
293 984 3.991574 -0.552048 0.865317
294 655 5.057747 -0.320925 0.896663
295 126 3.565860 0.408967 0.250448
296 339 0.419280 0.600751 0.247385
297 380 5.260504 -0.221307 0.554144
298 848 3.772135 -0.596404 0.556910
299 510 5.160227 0.316953 0.837838
300 782 2.335936 0.895898 0.921478
301 720 2.979774 0.207097 0.785390
302 214 2.480574 0.402578 0.897114
303 591 3.965990 0.383421 0.728759
304 772 3.949177 0.475473 0.978630
305 170 3.074056 0.573057 0.406295
306 423 3.333411 0.678926 0.971219
307 812 2.192032 -0.592553 0.516108
308 707 4.100934 0.116771 0.632487
309 402 6.164836 -0.905791 0.927469
310 538 5.646930 0.894069 0.975363
311 677 3.985873 0.482937 0.913433
312 454 0.315689 -0.805708 0.235480
313 535 5.794340 -0.223580 0.607954
314 366 3.218517 1.172834 0.905266
315 776 4.285870 0.630311 0.798522
316 337 2.278251 -0.305868 0.951075
317 622 2.643817 0.918558 0.739896
318 186 2.844717 0.479447 0.455819
319 583 3.455202 -0.256835 0.323911
320 943 4.691961 -0.796342 0.734559
321 645 3.912900 -0.579365 0.658890
322 899 0.285665 -0.551969 0.759573
323 108 1.493842 0.099317 0.905408
324 966 2.562146 -0.166596 0.988346
325 451 0.647804 0.016844 0.944463
326 373 6.280314 0.077165 0.805581
327 243 4.942386 -0.653474 0.793209
328 700 1.469793 0.544940 0.255941
329 310 0.407810 -0.009913 0.922250
330 220 1.025856 0.055953 0.218661
331 496 0.904267 -0.619683 0.818963
332 715 1.036639 0.089650 0.582385
333 585 2.007698 -0.081965 0.672642
334 459 4.915031 -0.764916 0.869870
335 697 4.764793 0.209261 0.891554
336 517 5.686220 0.277402 0.792059
337 247 4.656796 0.935601 0.183687
338 322 0.538564 -0.011507 0.928645
339 650 5.328833 0.922615 0.336811
340 973 1.200372 0.072069 0.449237
341 771 4.892134 0.724081 0.912655
342 479 4.733632 0.260642 0.947725
343 573 6.019052 -0.267438 0.780956
344 608 4.475434 0.467865 0.807287
345 402 5.888117 -1.231477 0.982822
346 294 1.910138 0.312122 0.953117
347 175 4.627001 0.949445 0.825505
348 484 0.186382 -0.360598 0.658597
349 774 2.334614 -0.479062 0.900257
350 112 1.178608 0.799823 0.684955
351 618 5.023962 0.543883 0.507930
352 885 4.496602 -0.625840 0.971767
353 382 4.737816 -0.137578 0.978128
354 186 5.341486 -0.451356 0.732532
355 905 1.137116 1.167120 0.957129
356 473 0.662538 -1.155285 0.971080
357 770 4.458385 0.685286 0.377873
358 291 3.414683 -0.016278 0.787367
359 619 1.394013 -0.277769 0.053704
360 527 2.946758 -0.514262 0.881266
361 842 5.003927 0.961454 0.937661
362 898 4.752981 0.669626 0.885330
363 760 5.754081 0.080186 0.670205
364 881 1.142768 0.338401 0.197828
365 219 0.798982 -0.099799 0.979969
366 265 3.699010 0.709645 0.982366
367 282 6.101213 -0.428357 0.841134
368 251 4.818337 0.565993 0.904555
369 494 0.964768 0.148122 0.889217
370 371 1.205895 -0.555008 0.835486
371 222 2.577266 0.357701 0.336667
372 820 2.551426 -0.279661 0.843054
373 383 1.834702 0.296129 0.742477
374 701 3.317380 -0.071649 0.868225
375 402 4.233190 0.378935 0.959578
376 762 1.238927 0.551572 0.872771
377 406 5.353165 0.244222 0.927398
378 935 4.770864 -0.938740 0.829946
379 558 0.090036 -0.102668 0.769152
380 897 1.892653 -1.174656 0.735527
381 943 0.068357 0.416214 0.450592
382 199 4.802309 -0.220001 0.327556
383 305 4.258289 -0.073460 0.958488
384 465 5.892306 -0.190121 0.857599
385 167 4.927035 -0.749110 0.769289
386 277 5.322647 -0.378321 0.850624
387 650 3.974503 -0.844644 0.980167
388 863 1.872123 -0.351239 0.943010
389 817 4.576602 0.691250 0.049243
390 679 3.691326 0.077662 0.866947
391 872 5.961586 -0.450944 0.976382
392 697 3.416472 -0.450550 0.837769
393 960 4.887170 -0.401423 0.807890
394 609 4.071885 -0.802873 0.080645
395 466 0.440053 -1.256713 0.921904
396 709 5.620161 -0.682638 0.847258
397 101 2.790463 -0.139873 0.897642
398 865 3.176265 0.315253 0.274072
399 140 2.997122 0.388296 0.812918
400 991 0.088094 0.074872 0.916901
401 945 0.320869 -0.430279 0.239396
402 553 2.182119 -0.596732 0.802939
403 216 1.503084 -0.103503 0.577112
404 114 1.164090 0.438521 0.861709
405 210 3.943735 0.162969 0.958784
406 137 2.794059 0.473681 0.560159
407 602 2.938648 0.347886 0.860158
408 256 1.479123 -0.732587 0.953269
409 146 1.352426 -0.126207 0.986030
410 529 5.018005 0.064340 0.326482
411 799 4.171429 -0.136687 0.278092
412 197 0.650316 0.270085 0.875655
413 329 5.370223 0.479179 0.643192
414 920 0.350955 -0.243835 0.347680
415 225 6.120602 0.341510 0.841899
416 256 1.854542 1.151879 0.645862
417 507 3.033483 -0.057468 0.034049
418 159 2.485427 1.031524 0.576480
419 484 0.501451 -0.214727 0.853502
420 150 0.699239 0.774849 0.915323
421 708 4.632525 0.062574 0.546069
422 886 4.945638 0.439330 0.617227
423 314 3.936259 -0.150061 0.859497
424 318 4.380622 0.500312 0.971390
425 179 0.348679 -0.005951 0.812837
426 104 2.257174 0.702386 0.995287
427 205 2.170134 -0.519907 0.966672
428 872 3.067778 0.707645 0.546237
429 926 4.988496 -0.111502 0.918236
430 369 4.637975 0.226674 0.785575
431 194 0.376195 -0.292618 0.886278
432 522 3.854864 -0.745782 0.309873
433 184 3.037187 -0.563137 0.516565
434 263 4.904832 -0.437129 0.942692
435 356 4.123790 -0.114506 0.559079
436 591 5.129846 0.536364 0.890249
437 124 2.962743 0.706490 0.855667
438 788 5.281337 -0.757397 0.759511
439 688 1.586610 -0.133464 0.570782
440 480 0.360667 0.536513 0.766564
441 565 4.893418 -0.126129 0.929594
442 574 3.588658 -0.001375 0.863289
443 559 5.638502 0.077941 0.809007
444 949 2.105601 -0.548128 0.543089
445 554 0.452310 -0.032708 0.888385
446 864 0.639799 1.027505 0.386288
447 511 1.296417 -0.688466 0.968069
448 612 0.313162 0.110219 0.452732
449 331 2.074124 -0.007203 0.860968
450 870 1.735431 0.170578 0.944934
451 293 1.241626 -0.048463 0.947951
452 320 1.521081 -0.172234 0.522862
453 945 2.153618 0.010981 0.961723
454 138 1.301875 -0.071334 0.895533
455 653 2.705615 0.379724 0.852444
456 434 5.287866 -0.489802 0.888368
457 490 5.320856 0.575748 0.121602
458 653 1.262263 -0.201841 0.239111
459 360 3.666618 -0.015723 0.871032
460 824 0.042500 0.385980 0.955187
461 731 2.300440 0.438252 0.173297
462 142 3.245457 -0.484426 0.867525
463 568 1.006213 0.126910 0.677748
464 403 0.076597 0.577126 0.741229
465 737 6.001564 1.131744 0.842460
466 870 0.797522 -1.194275 0.936297
467 849 4.519540 -0.511551 0.684352
468 214 2.365444 0.081225 0.922774
469 172 3.069550 0.013610 0.786925
470 865 4.222519 -0.755745 0.726769
471 502 0.672894 -0.393204 0.488721
472 319 1.821760 -0.318573 0.887321
473 936 3.680554 0.125658 0.680325
474 663 3.138535 0.353938 0.889751
475 876 2.958453 -0.485515 0.817883
476 221 4.533127 -0.182450 0.727819
477 369 0.325651 -1.254833 0.830615
478 371 1.801478 -0.021104 0.529634
479 844 2.698008 1.025167 0.299880
480 279 3.995961 0.078380 0.964805
481 760 5.001839 0.506735 0.431146
482 367 2.129196 0.333738 0.962843
483 368 1.130934 -0.973871 0.939217
484 644 1.840417 1.124265 0.975454
485 524 0.302022 -0.177964 0.906186
486 358 6.236802 -0.748012 0.796699
487 883 2.807800 0.310265 0.874490
488 950 0.784251 0.876466 0.961622
489 703 0.153767 0.391776 0.494440
490 824 1.908378 1.003271 0.989730
491 451 5.359769 -0.078253 0.945549
492 961 2.425936 0.463018 0.963800
493 132 6.216515 0.471261 0.763908
494 854 5.685541 0.300646 0.581536
495 787 4.327552 -0.402314 0.549811
496 232 5.301777 -0.772550 0.899233
497 154 2.541944 -0.409896 0.704418
498 468 3.503108 -0.016934 0.888416
499 638 0.634063 0.390609 0.235790
500 945 4.740057 0.082979 0.012974
501 302 3.690702 -0.437328 0.466636
502 992 4.283661 -0.120402 0.819598
503 266 4.341845 -0.520105 0.731932
504 638 3.528091 0.090921 0.173233
505 527 3.726472 -0.200526 0.243569
506 447 3.043509 -0.831025 0.745924
507 754 0.030626 -1.514151 0.696643
508 218 0.412786 0.672210 0.977239
509 610 3.237605 -0.102043 0.595188
510 804 1.995811 0.680757 0.421993
511 816 4.831665 0.420143 0.712834
512 944 6.057888 -0.224401 0.742274
513 126 2.808163 0.029455 0.784456
514 571 1.259099 -0.633931 0.917865
515 499 0.805308 -0.748130 0.811860
516 375 4.843570 -0.269265 0.861656
517 255 0.745979 0.024698 0.813468
518 598 3.139906 0.273241 0.801744
519 138 1.401055 -0.894707 0.592803
520 804 0.822292 0.685204 0.990749
521 889 2.299944 -0.490378 0.898333
522 383 4.154568 0.921568 0.732371
523 981 4.025436 0.375710 0.884760
524 408 5.780821 -0.669849 0.636550
525 630 1.388994 -0.893646 0.604538
526 171 0.375187 0.541544 0.982329
527 200 3.204823 0.433277 0.208143
528 745 5.423833 -0.058998 0.678117
529 822 5.423715 -0.757940 0.845551
530 898 3.307044 0.233018 0.899971
531 863 2.344990 -0.644560 0.957626
532 469 0.965677 -0.170833 0.319434
533 437 4.453399 -0.093618 0.981329
534 787 3.083113 0.039815 0.787277
535 514 3.678146 -0.201139 0.121781
536 190 4.476155 -0.456050 0.043271
537 293 3.948907 0.483116 0.678112
538 159 1.204266 -0.671908 0.704349
539 281 2.667670 0.153983 0.867231
540 848 2.817899 0.001678 0.563090
541 429 6.250033 0.163739 0.309149
542 452 1.749627 -0.191888 0.462502
543 408 1.511775 -0.748700 0.746741
544 505 1.080513 0.456689 0.035066
545 967 4.977474 0.058481 0.927471
546 260 1.788324 1.367303 0.683625
547 598 2.898552 0.387291 0.606187
548 253 0.703694 -0.044036 0.690157
549 100 0.488603 0.083341 0.850884
550 628 1.729990 -0.146999 0.677963
551 950 0.839544 -0.205000 0.890877
552 814 2.461807 0.000409 0.866545
553 533 4.470538 -0.098305 0.855394
554 804 1.883637 0.195011 0.995119
555 166 1.623476 0.243037 0.824799
556 581 0.148331 1.079708 0.266266
557 796 5.003290 -0.716995 0.265743
558 727 3.776186 -1.050527 0.999994
559 262 3.534302 0.774050 0.493667
560 877 6.077981 -0.963572 0.961815
561 511 2.178325 -0.669570 0.907594
562 176 3.125076 -0.843768 0.928339
563 825 5.655809 0.080377 0.682433
564 684 6.077458 0.827968 0.795991
565 545 5.564939 -0.844412 0.457066
566 799 5.358768 -0.013580 0.889596
567 591 0.559817 -0.090473 0.544290
568 839 2.865613 0.858995 0.918047
569 968 2.629808 0.102112 0.698403
570 843 3.107823 0.387090 0.976639
571 966 5.686515 0.855777 0.715047
572 169 2.339047 0.221667 0.700972
573 255 5.925943 1.177055 0.926945
574 198 0.076724 -0.334096 0.237412
575 283 4.364693 0.476856 0.649918
576 943 5.032856 0.510491 0.995533
577 755 2.137619 -0.580679 0.472259
578 144 6.026537 -0.560664 0.556500
579 583 5.391931 0.282406 0.979483
580 209 3.657359 0.684212 0.942922
581 694 4.700255 0.539972 0.935291
582 292 5.002696 0.954623 0.875665
583 777 1.114434 0.806417 0.525916
584 268 1.886521 -0.398702 0.718347
585 666 0.267097 0.096495 0.751822
586 586 5.088951 -0.219783 0.913987
587 539 5.785553 0.119697 0.940433
588 298 2.549469 0.626028 0.969185
589 149 1.109178 0.453371 0.405033
590 258 1.413651 -0.361624 0.641067
591 893 5.567841 0.299470 0.509629
592 813 5.126071 0.330141 0.655550
593 870 0.006419 -0.582882 0.403653
594 873 2.152856 0.518958 0.819204
595 799 4.436580 -1.197517 0.781015
596 857 1.480031 0.800909 0.946497
597 994 5.746976 0.742952 0.065841
598 291 4.366861 0.687619 0.711503
599 979 0.313777 -0.276830 0.956751
600 552 2.090506 -0.627248 0.505808
601 288 4.070316 0.012813 0.952198
602 692 1.398105 0.923623 0.404769
603 913 2.470885 0.400071 0.539768
604 782 1.169061 0.003414 0.998499
605 968 5.291175 -0.318600 0.922053
606 745 0.175191 -0.486382 0.459790
607 615 5.822258 0.462401 0.245572
608 342 2.399155 -0.364177 0.755407
609 472 2.309445 -0.157838 0.878054
610 377 3.078665 0.007195 0.863159
611 702 5.426106 0.395417 0.991076
612 793 5.404085 -0.109955 0.562257
613 389 4.343875 -0.123135 0.807176
614 495 4.817609 0.927319 0.410100
615 339 0.177478 0.587694 0.198023
616 108 6.063571 0.175289 0.850295
617 538 2.920011 0.891981 0.984984
618 665 1.207735 -0.478402 0.691111
619 377 5.115024 0.072887 0.620740
620 572 2.390389 0.399178 0.961859
621 366 4.957392 0.491791 0.840275
622 912 5.949979 0.938414 0.829919
623 391 4.063926 0.417017 0.759411
624 121 2.679331 0.011254 0.832203
625 198 3.556093 -0.284587 0.497154
626 606 3.721420 -0.457532 0.625527
627 393 4.548637 -0.322906 0.801197
628 409 2.893364 0.589208 0.159371
629 629 2.531789 0.853374 0.739165
630 161 3.995984 0.800165 0.325405
631 693 0.952106 0.653743 0.222790
632 479 1.898091 0.025377 0.018107
633 125 5.013718 -0.122423 0.708023
634 734 1.430394 -0.976564 0.982515
635 262 1.067432 -0.160442 0.940552
636 210 5.974072 -0.476232 0.774965
637 497 5.824249 0.570995 0.925938
638 250 5.945708 -0.393309 0.419854
639 707 3.097479 0.548838 0.684174
640 702 1.977645 0.157531 0.762576
641 841 0.725231 -0.597235 0.753394
642 246 3.827645 -0.669380 0.999556
643 690 3.627125 0.423904 0.715972
644 434 5.671422 0.741208 0.758056
645 592 0.731164 0.517607 0.789792
646 608 1.702928 0.913761 0.791048
647 252 3.385152 0.596434 0.991680
648 919 1.466708 -0.002354 0.841312
649 680 0.673787 -0.830216 0.374942
650 346 3.690982 -0.665524 0.681800
651 923 5.393732 0.318384 0.845537
652 923 3.726068 -0.069508 0.810757
653 516 5.754992 0.308852 0.553249
654 406 1.916281 -0.945084 0.964328
655 332 0.410020 -0.341653 0.216002
656 199 3.422384 -0.644009 0.772575
657 799 1.364509 0.676672 0.971626
658 636 1.216258 -0.482167 0.987384
659 214 5.860794 -0.143432 0.666920
660 664 0.433896 -0.209269 0.915611
661 565 5.384867 0.057814 0.893650
662 480 4.888317 -0.582151 0.599525
663 459 4.158812 -0.596408 0.940675
664 129 4.162873 0.927191 0.861415
665 752 0.474780 0.488621 0.345905
666 730 1.998347 0.573244 0.820077
667 379 3.029312 -0.741646 0.586457
668 906 3.629078 0.762302 0.892457
669 101 1.933674 0.792906 0.819963
670 500 4.458974 -0.071834 0.862345
671 804 1.236025 -0.274845 0.271059
672 150 1.469016 -0.401789 0.572704
673 816 1.128198 0.263630 0.846222
674 759 0.438562 -0.150912 0.165648
675 187 4.932132 -0.102337 0.802613
676 731 3.565348 -0.082619 0.204396
677 339 1.686178 0.045173 0.774125
678 729 2.337230 0.063850 0.948767
679 802 4.371306 0.150560 0.783966
680 710 3.549031 0.029393 0.972524
681 313 2.746157 0.292961 0.599592
682 226 2.705711 -0.331284 0.732724
683 446 5.036346 0.157529 0.881868
684 611 0.495118 0.453940 0.830900
685 819 0.127589 0.494919 0.955217
686 277 5.089151 -0.353220 0.987042
687 431 3.753087 0.233858 0.922728
688 502 3.479982 -0.842028 0.857473
689 407 0.943472 0.829210 0.532294
690 593 5.993367 -1.022724 0.763137
691 862 3.401635 -0.628868 0.802906
692 479 2.395593 -0.459094 0.737754
693 564 5.989976 0.268691 0.926667
694 807 3.393880 0.209426 0.857761
695 471 2.944721 0.757968 0.223812
696 599 3.403892 -1.077966 0.609974
697 992 2.113133 0.144583 0.926635
698 725 2.312401 0.409006 0.719009
699 206 4.876585 0.744555 0.113890
700 977 1.498883 0.254134 0.968680
701 541 2.061195 0.458660 0.406320
702 811 0.466420 0.231241 0.947748
703 909 3.084665 0.193294 0.748260
704 987 4.827855 -0.722091 0.616298
705 766 3.905379 0.425887 0.833347
706 314 3.850637 0.699583 0.313544
707 489 3.188492 0.001095 0.923635
708 685 4.029123 0.140934 0.574435
709 480 5.671649 -0.369048 0.090145
710 875 0.706754 -0.543044 0.880055
711 805 2.318699 -0.690540 0.396949
712 767 0.203611 0.029835 0.970972
713 775 3.161608 0.765893 0.931577
714 786 5.463518 0.375753 0.420656
715 946 1.803313 -0.589609 0.179494
716 870 1.432514 -1.249899 0.860382
717 713 4.485678 -0.550269 0.439233
718 855 2.486624 -0.206777 0.229025
719 705 3.456702 -0.501814 0.792646
720 233 1.296523 0.951221 0.995042
721 340 3.355092 -1.066455 0.780861
722 393 0.447204 -0.215243 0.941782
723 172 1.725346 0.859357 0.388290
724 740 4.001212 0.711131 0.857130
725 747 0.286442 0.424670 0.521437
726 908 2.470287 -0.176148 0.559559
727 622 2.512867 -0.137259 0.763840
728 531 1.868944 -0.508419 0.887052
729 638 2.714557 0.419858 0.627960
730 412 0.958378 0.637873 0.331939
731 105 6.188241 -1.060627 0.411904
732 520 0.018023 0.478110 0.285208
733 175 2.569723 0.417010 0.436060
734 635 4.355675 0.578672 0.895985
735 404 2.946665 0.504934 0.472783
736 382 2.895396 0.024626 0.540688
737 409 0.447917 0.876365 0.394568
738 674 0.285075 -0.041084 0.368082
739 615 4.261949 -0.696786 0.365917
740 257 2.460562 -0.239294 0.993431
741 529 3.263055 0.987180 0.851187
742 536 6.118897 0.047027 0.313833
743 711 5.550780 -0.473098 0.993362
744 190 6.218923 0.435636 0.974057
745 481 1.364358 0.078024 0.980240
746 759 4.603463 1.295409 0.934117
747 907 1.753059 -0.829982 0.764683
748 247 2.212096 0.437142 0.592515
749 990 0.195209 -0.191789 0.825507
750 521 0.814134 0.356341 0.581349
751 663 1.581272 0.332908 0.974478
752 199 5.662795 0.387179 0.922444
753 635 1.571947 0.093875 0.583674
754 588 1.341308 -1.004851 0.836097
755 713 4.628129 -0.932186 0.053230
756 272 2.389706 0.180788 0.712817
757 113 3.389834 -0.021810 0.420898
758 875 5.520639 -0.079155 0.929987
759 190 5.680749 0.290653 0.567063
760 865 1.300271 0.202571 0.805309
761 548 3.414638 0.948506 0.917294
762 371 3.378006 -0.276424 0.996993
763 696 3.133264 -0.545205 0.567282
764 179 0.115124 0.506579 0.912899
765 813 5.901046 0.503176 0.555480
766 436 5.046355 -1.253233 0.833156
767 789 3.509840 -0.231913 0.395396
768 575 1.187965 0.449905 0.287795
769 787 2.436759 0.178369 0.942679
770 965 5.917768 0.541677 0.679379
771 769 2.053827 -0.552056 0.665542
772 957 0.933395 0.494665 0.556229
773 319 3.966052 1.115836 0.480858
774 995 4.938592 1.253721 0.414366
775 208 5.699169 -0.071788 0.842017
776 128 2.827978 0.963650 0.801649
777 850 4.983280 -0.406838 0.164883
778 262 3.712491 -0.701968 0.894525
779 970 2.954488 0.845147 0.960193
780 471 4.568699 0.633460 0.333977
781 451 2.255548 0.259908 0.483088
782 831 0.976479 -1.058311 0.721061
783 518 3.993403 -0.558419 0.758168
784 690 5.111585 -0.284000 0.950735
785 121 0.088756 1.329619 0.459131
786 671 6.274927 0.539772 0.518905
787 876 4.603944 -0.822394 0.467516
788 894 4.770004 0.725280 0.890513
789 638 1.791399 -0.282037 0.723919
790 895 0.769285 0.435717 0.910858
791 630 3.137618 -0.057887 0.819566
792 864 1.801835 -0.233389 0.133497
793 259 3.158505 0.366069 0.867315
794 411 0.668020 1.107294 0.991908
795 587 2.629707 0.634794 0.620744
796 462 0.054689 0.523501 0.912565
797 712 5.967339 -0.831936 0.999519
798 476 4.590189 -0.430179 0.842198
799 100 4.895614 0.192108 0.960548
800 942 2.673436 -1.079212 0.339617
801 184 6.189580 -0.701248 0.870256
802 197 5.781466 1.275759 0.705777
803 196 4.600111 0.675218 0.980250
804 182 1.972354 -1.214712 0.540599
805 155 4.027189 0.235202 0.813616
806 721 2.702944 -1.090052 0.441970
807 151 0.422530 -0.539300 0.790295
808 946 1.346194 -0.674345 0.650087
809 654 5.800842 -0.656114 0.927754
810 707 4.815334 -0.732352 0.597831
811 606 3.445692 -0.236512 0.162012
812 715 6.063361 -0.891838 0.499617
813 762 3.367293 0.660078 0.011138
814 791 2.846630 -0.523802 0.807949
815 102 4.048938 -0.297441 0.888387
816 433 5.161409 0.504748 0.673884
817 145 3.309802 0.941606 0.867251
818 872 2.064454 -0.068832 0.892310
819 775 2.252710 -0.488036 0.436197
820 119 1.679232 -0.131290 0.745131
821 874 0.726630 -0.626313 0.891036
822 664 2.555518 0.108405 0.863235
823 545 3.293399 -0.673662 0.734016
824 624 5.815784 0.470206 0.252296
825 496 1.195228 -0.054611 0.958464
826 826 4.490028 -0.115735 0.566771
827 945 4.542506 -0.171448 0.984027
828 916 1.722924 -0.991908 0.738190
829 664 5.787613 -0.490849 0.842706
830 689 0.153718 0.158010 0.893311
831 407 5.274693 0.420775 0.753221
832 248 4.787150 -0.748529 0.936604
833 716 2.324298 -0.175375 0.589064
834 758 0.644171 -0.474497 0.458229
835 567 4.156118 -0.742919 0.569066
836 439 3.746994 0.051684 0.999915
837 361 3.977323 0.464219 0.854280
838 584 5.067274 -0.314832 0.381648
839 758 2.267363 1.186129 0.775571
840 297 0.679507 -0.190562 0.626662
841 813 3.527691 -0.734151 0.634681
842 971 5.331152 -0.255784 0.999853
843 376 2.118031 -0.455134 0.659966
844 797 5.114131 0.739427 0.769512
845 383 1.844179 -0.800651 0.758445
846 107 0.012893 -0.389615 0.708825
847 856 2.590654 -0.645995 0.695371
848 348 2.131225 0.245514 0.905701
849 144 3.242122 -0.439902 0.939471
850 437 5.067637 -0.673456 0.938376
851 223 5.150404 -0.457880 0.661704
852 393 0.177094 0.099033 0.287375
853 656 4.672468 0.555006 0.963267
854 286 5.117849 0.092741 0.982207
855 386 3.706130 0.679742 0.688673
856 129 2.208126 0.394742 0.995418
857 815 1.262366 0.314486 0.974825
858 912 2.703177 0.565577 0.844938
859 749 5.051276 -0.659796 0.516894
860 154 2.374278 -0.688869 0.931172
861 115 2.538811 -0.516824 0.712332
862 150 2.830599 0.277555 0.973620
863 922 5.147441 -1.053035 0.980394
864 285 2.357794 -0.856892 0.631272
865 245 1.377819 0.381437 0.677355
866 681 5.575666 0.208411 0.929581
867 996 3.104755 0.071119 0.543507
868 660 6.142848 -0.157671 0.862699
869 921 5.415777 -0.219914 0.931725
870 434 0.978784 1.041852 0.876692
871 226 4.323085 0.883549 0.739969
872 269 4.423818 0.486563 0.778139
873 858 1.335733 0.061365 0.548489
874 318 4.338683 -0.552725 0.845205
875 641 4.208179 0.176886 0.737953
876 796 1.841561 1.042231 0.647841
877 502 2.315657 0.621598 0.909438
878 633 2.859092 -0.416380 0.982460
879 161 0.097269 -0.590280 0.746674
880 581 3.688502 1.125199 0.986669
881 940 2.509556 -0.187353 0.924047
882 980 5.159557 0.102881 0.435854
883 224 1.796104 1.166269 0.911409
884 775 2.969660 0.104394 0.923674
885 158 2.632764 -0.177783 0.948355
886 185 1.049252 0.256571 0.836519
887 421 3.361114 -0.520340 0.958736
888 966 5.560513 0.508781 0.231645
889 806 3.819978 1.138922 0.907439
890 472 4.505564 0.060611 0.918400
891 845 1.168684 0.718154 0.920567
892 894 6.247101 -0.220322 0.617650
893 774 1.924619 0.292306 0.748832
894 209 3.835793 -0.006290 0.952814
895 712 3.854454 0.119435 0.726578
896 521 3.800496 -0.311425 0.150426
897 969 4.905871 0.088822 0.877354
898 966 3.910038 -0.329444 0.864536
899 385 1.842609 0.251288 0.808479
900 174 1.990516 1.035541 0.740256
901 806 2.459943 0.330010 0.557000
902 261 4.793043 1.068878 0.693383
903 226 5.256282 -0.317962 0.780878
904 474 1.012710 0.456089 0.612466
905 730 2.185252 0.162948 0.950521
906 918 2.285650 -0.264696 0.877656
907 286 5.784237 -0.204173 0.583610
908 896 4.598454 0.952906 0.075469
909 311 4.051283 0.446747 0.688605
910 261 6.279060 -0.198395 0.642286
911 279 4.451182 0.809949 0.631108
912 747 4.870327 0.761145 0.835586
913 871 0.019340 -0.342219 0.767708
914 853 3.039388 -0.420720 0.890719
915 977 2.280737 0.498428 0.307419
916 389 5.880617 -0.938251 0.622505
917 958 6.121810 0.237572 0.927594
918 810 5.603009 -0.027118 0.980292
919 566 1.961355 0.049789 0.614666
920 421 2.742338 -0.541252 0.876118
921 415 2.636789 -0.192842 0.706240
922 422 1.883900 0.770529 0.959567
923 595 5.731076 0.089714 0.785587
924 834 3.515781 0.092335 0.482582
925 219 3.306596 0.488957 0.921065
926 125 0.132875 -0.198172 0.027728
927 447 5.026186 0.515330 0.653589
928 767 5.220099 -1.006875 0.966900
929 841 1.688900 0.409946 0.969355
930 268 2.568659 -0.385304 0.576158
931 274 4.244797 -0.114841 0.650700
932 205 1.229271 0.048940 0.448619
933 493 1.395188 0.990775 0.931716
934 466 1.807784 0.246915 0.611818
935 889 3.222745 0.184925 0.720261
936 692 0.213880 -0.486676 0.782601
937 896 1.006363 0.795102 0.972770
938 798 5.223522 0.829753 0.577389
939 270 5.611110 0.208229 0.880939
940 579 2.019268 -0.837134 0.888467
941 203 4.729729 0.177700 0.993359
942 887 0.970402 0.071768 0.630777
943 445 5.823223 -0.356358 0.695297
944 181 0.662631 -0.609050 0.887297
945 219 4.748649 0.220036 0.952000
946 804 2.337916 0.020416 0.919010
947 224 0.096199 -1.095862 0.446629
948 593 4.972281 0.427812 0.500934
949 880 1.456806 -0.536094 0.864884
950 239 5.058404 -0.123321 0.478076
951 295 2.134992 0.129292 0.537147
952 776 0.833443 -0.421609 0.748629
953 820 5.196836 0.128003 0.660501
954 255 3.384936 0.166117 0.836711
955 333 2.297204 0.952872 0.250650
956 717 4.294183 -0.188886 0.369709
957 593 6.104424 0.712964 0.683354
958 249 5.564447 -0.001646 0.583735
959 484 3.843513 0.601975 0.611234
960 315 3.020254 0.198179 0.702902
961 116 4.825665 0.013830 0.815472
962 592 4.339810 0.670592 0.146901
963 345 1.058099 0.752883 0.540522
964 929 3.004887 -0.287169 0.987157
965 892 1.382461 0.777408 0.157544
966 943 3.435592 -0.075747 0.361617
967 344 2.125460 -0.014052 0.622477
968 148 1.008523 -1.342036 0.678929
969 633 5.935541 0.617620 0.669901
970 279 3.786047 -0.302494 0.410497
971 429 0.029848 0.156817 0.280566
972 413 1.370106 -0.259017 0.334806
973 375 2.628188 0.203043 0.994983
974 515 5.880564 1.124838 0.962139
975 705 2.780717 -0.696114 0.829471
976 981 5.954160 0.962716 0.130002
977 923 2.600804 1.107061 0.691030
978 166 5.245330 -0.201843 0.420616
979 654 0.505218 0.149154 0.145414
980 100 4.328162 -0.841481 0.303979
981 209 3.219581 -0.389087 0.876618
982 566 3.390497 -0.102338 0.495314
983 179 2.445285 0.493600 0.923580
984 442 4.071800 -0.537790 0.663309
985 427 5.801380 1.066237 0.222749
986 230 2.940088 -0.370174 0.313188
987 538 3.270694 -0.650911 0.714489
988 349 5.339511 0.609983 0.635518
989 743 4.071180 0.033195 0.667269
990 358 0.257570 0.406964 0.918148
991 209 2.596723 -0.558722 0.921114
992 536 3.183204 0.342815 0.800659
993 996 0.404698 1.082596 0.807393
994 137 2.807801 0.056161 0.859839
995 685 0.179971 -0.356507 0.115505
996 330 2.029120 -0.007141 0.354729
997 650 6.058477 -1.350780 0.977396
998 563 1.464887 -0.687677 0.987445
999 483 1.339300 0.097463 0.933213
